<?xml version="1.0" encoding="UTF-8"?>
<!-- Generated by org.testng.reporters.JUnitReportReporter -->
<testsuite skipped="0" hostname="DESKTOP-FOH5LT1" name="org.headspin.tests.MmtTest" tests="1" failures="0" timestamp="2020-05-30T19:21:45 IST" time="14.365" errors="0">
  <testcase name="loginToMmt" time="14.365" classname="org.headspin.tests.MmtTest"/>
</testsuite> <!-- org.headspin.tests.MmtTest -->
